[2017-08-08T18:18:38,864][INFO ][o.e.n.Node               ] [] initializing ...
[2017-08-08T18:18:39,109][INFO ][o.e.e.NodeEnvironment    ] [iyV1Mni] using [1] data paths, mounts [[/ (/dev/sda2)]], net usable_space [708.1gb], net total_space [908.6gb], spins? [possibly], types [ext4]
[2017-08-08T18:18:39,110][INFO ][o.e.e.NodeEnvironment    ] [iyV1Mni] heap size [1.9gb], compressed ordinary object pointers [true]
[2017-08-08T18:18:39,113][INFO ][o.e.n.Node               ] node name [iyV1Mni] derived from node ID [iyV1MniJRwefpRG6kkWBlQ]; set [node.name] to override
[2017-08-08T18:18:39,113][INFO ][o.e.n.Node               ] version[5.5.1], pid[14224], build[19c13d0/2017-07-18T20:44:24.823Z], OS[Linux/4.10.0-28-generic/amd64], JVM[Oracle Corporation/OpenJDK 64-Bit Server VM/1.8.0_131/25.131-b11]
[2017-08-08T18:18:39,113][INFO ][o.e.n.Node               ] JVM arguments [-Xms2g, -Xmx2g, -XX:+UseConcMarkSweepGC, -XX:CMSInitiatingOccupancyFraction=75, -XX:+UseCMSInitiatingOccupancyOnly, -XX:+AlwaysPreTouch, -Xss1m, -Djava.awt.headless=true, -Dfile.encoding=UTF-8, -Djna.nosys=true, -Djdk.io.permissionsUseCanonicalPath=true, -Dio.netty.noUnsafe=true, -Dio.netty.noKeySetOptimization=true, -Dio.netty.recycler.maxCapacityPerThread=0, -Dlog4j.shutdownHookEnabled=false, -Dlog4j2.disable.jmx=true, -Dlog4j.skipJansi=true, -XX:+HeapDumpOnOutOfMemoryError, -Des.path.home=/home/cronwel/elasticsearch-5.5.1]
[2017-08-08T18:18:40,061][INFO ][o.e.p.PluginsService     ] [iyV1Mni] loaded module [aggs-matrix-stats]
[2017-08-08T18:18:40,062][INFO ][o.e.p.PluginsService     ] [iyV1Mni] loaded module [ingest-common]
[2017-08-08T18:18:40,062][INFO ][o.e.p.PluginsService     ] [iyV1Mni] loaded module [lang-expression]
[2017-08-08T18:18:40,062][INFO ][o.e.p.PluginsService     ] [iyV1Mni] loaded module [lang-groovy]
[2017-08-08T18:18:40,063][INFO ][o.e.p.PluginsService     ] [iyV1Mni] loaded module [lang-mustache]
[2017-08-08T18:18:40,063][INFO ][o.e.p.PluginsService     ] [iyV1Mni] loaded module [lang-painless]
[2017-08-08T18:18:40,063][INFO ][o.e.p.PluginsService     ] [iyV1Mni] loaded module [parent-join]
[2017-08-08T18:18:40,064][INFO ][o.e.p.PluginsService     ] [iyV1Mni] loaded module [percolator]
[2017-08-08T18:18:40,064][INFO ][o.e.p.PluginsService     ] [iyV1Mni] loaded module [reindex]
[2017-08-08T18:18:40,064][INFO ][o.e.p.PluginsService     ] [iyV1Mni] loaded module [transport-netty3]
[2017-08-08T18:18:40,065][INFO ][o.e.p.PluginsService     ] [iyV1Mni] loaded module [transport-netty4]
[2017-08-08T18:18:40,065][INFO ][o.e.p.PluginsService     ] [iyV1Mni] no plugins loaded
[2017-08-08T18:18:41,810][INFO ][o.e.d.DiscoveryModule    ] [iyV1Mni] using discovery type [zen]
[2017-08-08T18:18:42,543][INFO ][o.e.n.Node               ] initialized
[2017-08-08T18:18:42,544][INFO ][o.e.n.Node               ] [iyV1Mni] starting ...
[2017-08-08T18:18:42,806][INFO ][o.e.t.TransportService   ] [iyV1Mni] publish_address {127.0.0.1:9300}, bound_addresses {[::1]:9300}, {127.0.0.1:9300}
[2017-08-08T18:18:42,817][WARN ][o.e.b.BootstrapChecks    ] [iyV1Mni] max file descriptors [4096] for elasticsearch process is too low, increase to at least [65536]
[2017-08-08T18:18:42,826][WARN ][o.e.b.BootstrapChecks    ] [iyV1Mni] max virtual memory areas vm.max_map_count [65530] is too low, increase to at least [262144]
[2017-08-08T18:18:45,891][INFO ][o.e.c.s.ClusterService   ] [iyV1Mni] new_master {iyV1Mni}{iyV1MniJRwefpRG6kkWBlQ}{lBVmm_v_R2muUom5ehajLw}{127.0.0.1}{127.0.0.1:9300}, reason: zen-disco-elected-as-master ([0] nodes joined)
[2017-08-08T18:18:45,916][INFO ][o.e.h.n.Netty4HttpServerTransport] [iyV1Mni] publish_address {127.0.0.1:9200}, bound_addresses {[::1]:9200}, {127.0.0.1:9200}
[2017-08-08T18:18:45,916][INFO ][o.e.n.Node               ] [iyV1Mni] started
[2017-08-08T18:18:46,003][INFO ][o.e.g.GatewayService     ] [iyV1Mni] recovered [0] indices into cluster_state
[2017-08-08T18:38:36,761][INFO ][o.e.n.Node               ] [iyV1Mni] stopping ...
[2017-08-08T18:38:36,795][INFO ][o.e.n.Node               ] [iyV1Mni] stopped
[2017-08-08T18:38:36,795][INFO ][o.e.n.Node               ] [iyV1Mni] closing ...
[2017-08-08T18:38:36,808][INFO ][o.e.n.Node               ] [iyV1Mni] closed
[2017-08-08T18:41:40,090][INFO ][o.e.n.Node               ] [] initializing ...
[2017-08-08T18:41:40,248][INFO ][o.e.e.NodeEnvironment    ] [iyV1Mni] using [1] data paths, mounts [[/ (/dev/sda2)]], net usable_space [708.1gb], net total_space [908.6gb], spins? [possibly], types [ext4]
[2017-08-08T18:41:40,249][INFO ][o.e.e.NodeEnvironment    ] [iyV1Mni] heap size [1.9gb], compressed ordinary object pointers [true]
[2017-08-08T18:41:40,251][INFO ][o.e.n.Node               ] node name [iyV1Mni] derived from node ID [iyV1MniJRwefpRG6kkWBlQ]; set [node.name] to override
[2017-08-08T18:41:40,252][INFO ][o.e.n.Node               ] version[5.5.1], pid[15713], build[19c13d0/2017-07-18T20:44:24.823Z], OS[Linux/4.10.0-28-generic/amd64], JVM[Oracle Corporation/OpenJDK 64-Bit Server VM/1.8.0_131/25.131-b11]
[2017-08-08T18:41:40,252][INFO ][o.e.n.Node               ] JVM arguments [-Xms2g, -Xmx2g, -XX:+UseConcMarkSweepGC, -XX:CMSInitiatingOccupancyFraction=75, -XX:+UseCMSInitiatingOccupancyOnly, -XX:+AlwaysPreTouch, -Xss1m, -Djava.awt.headless=true, -Dfile.encoding=UTF-8, -Djna.nosys=true, -Djdk.io.permissionsUseCanonicalPath=true, -Dio.netty.noUnsafe=true, -Dio.netty.noKeySetOptimization=true, -Dio.netty.recycler.maxCapacityPerThread=0, -Dlog4j.shutdownHookEnabled=false, -Dlog4j2.disable.jmx=true, -Dlog4j.skipJansi=true, -XX:+HeapDumpOnOutOfMemoryError, -Des.path.home=/home/cronwel/02-Projects/05-StinkyPotatoes/stinkypotatoes/elasticsearch-5.5.1]
[2017-08-08T18:41:41,097][INFO ][o.e.p.PluginsService     ] [iyV1Mni] loaded module [aggs-matrix-stats]
[2017-08-08T18:41:41,097][INFO ][o.e.p.PluginsService     ] [iyV1Mni] loaded module [ingest-common]
[2017-08-08T18:41:41,097][INFO ][o.e.p.PluginsService     ] [iyV1Mni] loaded module [lang-expression]
[2017-08-08T18:41:41,097][INFO ][o.e.p.PluginsService     ] [iyV1Mni] loaded module [lang-groovy]
[2017-08-08T18:41:41,098][INFO ][o.e.p.PluginsService     ] [iyV1Mni] loaded module [lang-mustache]
[2017-08-08T18:41:41,098][INFO ][o.e.p.PluginsService     ] [iyV1Mni] loaded module [lang-painless]
[2017-08-08T18:41:41,098][INFO ][o.e.p.PluginsService     ] [iyV1Mni] loaded module [parent-join]
[2017-08-08T18:41:41,098][INFO ][o.e.p.PluginsService     ] [iyV1Mni] loaded module [percolator]
[2017-08-08T18:41:41,098][INFO ][o.e.p.PluginsService     ] [iyV1Mni] loaded module [reindex]
[2017-08-08T18:41:41,098][INFO ][o.e.p.PluginsService     ] [iyV1Mni] loaded module [transport-netty3]
[2017-08-08T18:41:41,098][INFO ][o.e.p.PluginsService     ] [iyV1Mni] loaded module [transport-netty4]
[2017-08-08T18:41:41,099][INFO ][o.e.p.PluginsService     ] [iyV1Mni] no plugins loaded
[2017-08-08T18:41:42,502][INFO ][o.e.d.DiscoveryModule    ] [iyV1Mni] using discovery type [zen]
[2017-08-08T18:41:43,231][INFO ][o.e.n.Node               ] initialized
[2017-08-08T18:41:43,232][INFO ][o.e.n.Node               ] [iyV1Mni] starting ...
[2017-08-08T18:41:43,423][INFO ][o.e.t.TransportService   ] [iyV1Mni] publish_address {127.0.0.1:9300}, bound_addresses {[::1]:9300}, {127.0.0.1:9300}
[2017-08-08T18:41:43,458][WARN ][o.e.b.BootstrapChecks    ] [iyV1Mni] max file descriptors [4096] for elasticsearch process is too low, increase to at least [65536]
[2017-08-08T18:41:43,458][WARN ][o.e.b.BootstrapChecks    ] [iyV1Mni] max virtual memory areas vm.max_map_count [65530] is too low, increase to at least [262144]
[2017-08-08T18:41:46,576][INFO ][o.e.c.s.ClusterService   ] [iyV1Mni] new_master {iyV1Mni}{iyV1MniJRwefpRG6kkWBlQ}{Y0648l4iQjCCAjPaWvyY7w}{127.0.0.1}{127.0.0.1:9300}, reason: zen-disco-elected-as-master ([0] nodes joined)
[2017-08-08T18:41:46,614][INFO ][o.e.h.n.Netty4HttpServerTransport] [iyV1Mni] publish_address {127.0.0.1:9200}, bound_addresses {[::1]:9200}, {127.0.0.1:9200}
[2017-08-08T18:41:46,614][INFO ][o.e.n.Node               ] [iyV1Mni] started
[2017-08-08T18:41:46,704][INFO ][o.e.g.GatewayService     ] [iyV1Mni] recovered [0] indices into cluster_state
[2017-08-08T18:47:35,250][INFO ][o.e.c.m.MetaDataCreateIndexService] [iyV1Mni] [movies_development] creating index, cause [auto(bulk api)], templates [], shards [5]/[1], mappings []
[2017-08-08T18:47:36,673][INFO ][o.e.c.m.MetaDataMappingService] [iyV1Mni] [movies_development/XjXf1Y8BTySeJITjgz-4bg] create_mapping [movie]
[2017-08-08T18:49:58,848][INFO ][o.e.c.m.MetaDataCreateIndexService] [iyV1Mni] [movies_development_20170808184958798] creating index, cause [api], templates [], shards [5]/[1], mappings [_default_]
[2017-08-08T18:50:00,215][INFO ][o.e.c.m.MetaDataDeleteIndexService] [iyV1Mni] [movies_development/XjXf1Y8BTySeJITjgz-4bg] deleting index
[2017-08-08T18:50:00,494][INFO ][o.e.c.m.MetaDataMappingService] [iyV1Mni] [movies_development_20170808184958798/cwTaIaVvRHecAOwR1Shn3Q] create_mapping [movie]
